2019-08-14T12:49:49.791Z - normal: Load ~/.CocosCreator/settings.json
2019-08-14T12:49:51.014Z - normal: Initializing Asset Database
2019-08-14T12:49:51.017Z - normal: checking language setting...
2019-08-14T12:49:51.017Z - normal: Language: zh
2019-08-14T12:49:51.708Z - success: preview server running at http://localhost:7456
2019-08-14T12:49:51.710Z - success: protocol editor-framework registered
2019-08-14T12:49:51.711Z - success: protocol app registered
2019-08-14T12:49:51.711Z - success: protocol theme registered
2019-08-14T12:49:51.711Z - success: protocol packages registered
2019-08-14T12:49:51.711Z - success: protocol uuid registerred
2019-08-14T12:49:51.711Z - success: protocol db registerred
2019-08-14T12:49:51.711Z - success: protocol thumbnail registerred
2019-08-14T12:49:51.711Z - success: protocol unpack registerred
2019-08-14T12:49:51.711Z - success: protocol disable-commonjs registerred
2019-08-14T12:49:51.832Z - normal: connected!
2019-08-14T12:49:51.835Z - normal: Check project E:\Cocos\test2010
2019-08-14T12:49:51.839Z - normal: Initializing project E:\Cocos\test2010
2019-08-14T12:49:52.250Z - normal: Initializing Cocos2d
2019-08-14T12:49:53.085Z - normal: Initializing engine extends
2019-08-14T12:49:53.104Z - success: asset-db-debugger loaded
2019-08-14T12:49:53.104Z - success: baidu-adapter loaded
2019-08-14T12:49:53.105Z - success: color-picker loaded
2019-08-14T12:49:53.192Z - success: fb-audience-network loaded
2019-08-14T12:49:53.243Z - success: fb-live-stream loaded
2019-08-14T12:49:53.247Z - success: google-play-instant loaded
2019-08-14T12:49:53.251Z - success: huawei-runtime loaded
2019-08-14T12:49:53.505Z - success: cpk-publish loaded
2019-08-14T12:49:53.765Z - success: jsb-adapter loaded
2019-08-14T12:49:53.789Z - success: oppo-runtime loaded
2019-08-14T12:49:53.799Z - success: package-manager loaded
2019-08-14T12:49:53.939Z - success: qqplay-adapter loaded
2019-08-14T12:49:53.940Z - success: runtime-dev-tools loaded
2019-08-14T12:49:53.944Z - success: sdkbox loaded
2019-08-14T12:49:53.947Z - success: tester loaded
2019-08-14T12:49:53.949Z - success: ui-grid loaded
2019-08-14T12:49:53.950Z - success: ui-kit-preview-extra loaded
2019-08-14T12:49:53.952Z - success: ui-kit-preview loaded
2019-08-14T12:49:53.954Z - success: ui-kit loaded
2019-08-14T12:49:53.956Z - success: ui-tree loaded
2019-08-14T12:49:53.960Z - success: vivo-runtime loaded
2019-08-14T12:49:53.961Z - success: weapp-adapter loaded
2019-08-14T12:49:53.961Z - success: xiaomi-adapter loaded
2019-08-14T12:49:54.004Z - success: assets loaded
2019-08-14T12:49:54.006Z - success: builder loaded
2019-08-14T12:49:54.279Z - success: cocos-services loaded
2019-08-14T12:49:54.283Z - success: console loaded
2019-08-14T12:49:54.322Z - success: fb-instant-games loaded
2019-08-14T12:49:54.323Z - success: google-instant-games loaded
2019-08-14T12:49:54.327Z - success: hierarchy loaded
2019-08-14T12:49:54.329Z - success: inspector loaded
2019-08-14T12:49:54.330Z - success: keystore loaded
2019-08-14T12:49:54.334Z - success: node-library loaded
2019-08-14T12:49:54.335Z - success: package-asset loaded
2019-08-14T12:49:54.336Z - success: preferences loaded
2019-08-14T12:49:54.337Z - success: project-exporter loaded
2019-08-14T12:49:54.338Z - success: project-importer loaded
2019-08-14T12:49:54.340Z - success: project-settings loaded
2019-08-14T12:49:54.343Z - success: scene loaded
2019-08-14T12:49:54.344Z - success: simulator-debugger loaded
2019-08-14T12:49:54.344Z - success: sprite-editor loaded
2019-08-14T12:49:54.347Z - success: store loaded
2019-08-14T12:49:54.353Z - success: timeline loaded
2019-08-14T12:49:54.358Z - success: xiaomi-runtime loaded
2019-08-14T12:49:56.175Z - normal: Loading packages
2019-08-14T12:49:56.179Z - normal: Watching packages
2019-08-14T12:49:56.192Z - info: Cocos Services load base data!
2019-08-14T12:49:56.573Z - normal: Run Application
2019-08-14T12:51:32.601Z - normal: Start building with options : {
  "actualPlatform": "web-mobile",
  "android-instant": {
    "REMOTE_SERVER_ROOT": "",
    "host": "",
    "pathPattern": "",
    "recordPath": "",
    "scheme": "https",
    "skipRecord": false
  },
  "apiLevel": "",
  "appABIs": [],
  "appBundle": false,
  "baidugame": {
    "REMOTE_SERVER_ROOT": "",
    "appid": "testappid",
    "orientation": "portrait",
    "subContext": ""
  },
  "buildPath": "E:\\Cocos\\test2010\\build",
  "debug": false,
  "dest": "E:\\Cocos\\test2010\\build\\web-mobile",
  "embedWebDebugger": false,
  "encryptJs": true,
  "excludeScenes": [],
  "excludedModules": [
    "LabelOutline",
    "Mask",
    "Graphics",
    "ParticleSystem",
    "TiledMap",
    "Spine Skeleton",
    "DragonBones",
    "RichText",
    "MotionStreak",
    "ProgressBar",
    "ScrollBar",
    "ScrollView",
    "Toggle",
    "PageView",
    "PageViewIndicator",
    "Slider",
    "EditBox",
    "VideoPlayer",
    "WebView",
    "Collider",
    "Physics",
    "StudioComponent",
    "Intersection",
    "Native Socket"
  ],
  "fb-instant-games": {},
  "includeSDKBox": false,
  "inlineSpriteFrames": false,
  "inlineSpriteFrames_native": true,
  "md5Cache": false,
  "mergeStartScene": false,
  "optimizeHotUpdate": false,
  "orientation": {
    "landscapeLeft": true,
    "landscapeRight": true,
    "portrait": false,
    "upsideDown": false
  },
  "packageName": "org.cocos2d.helloworld",
  "platform": "web-mobile",
  "previewHeight": "720",
  "previewWidth": "1280",
  "qqplay": {
    "REMOTE_SERVER_ROOT": "",
    "orientation": "portrait"
  },
  "scenes": [
    "2d2f792f-a40c-49bb-a189-ed176a246e49"
  ],
  "sourceMaps": false,
  "startScene": "2d2f792f-a40c-49bb-a189-ed176a246e49",
  "template": "link",
  "title": "hello_world",
  "useDebugKeystore": true,
  "vsVersion": "auto",
  "webOrientation": "auto",
  "wechatgame": {
    "REMOTE_SERVER_ROOT": "",
    "appid": "wx6ac3f5090a6b99c5",
    "isSubdomain": false,
    "orientation": "portrait",
    "subContext": ""
  },
  "xxteaKey": "fdbefc5f-86e8-44",
  "zipCompressJs": true,
  "project": "E:\\Cocos\\test2010",
  "projectName": "hello_world",
  "debugBuildWorker": false
}
2019-08-14T12:51:32.611Z - normal: Building E:\Cocos\test2010
2019-08-14T12:51:32.611Z - normal: Destination E:\Cocos\test2010\build\web-mobile
2019-08-14T12:51:32.827Z - normal: Delete E:\Cocos\test2010\build\web-mobile\subpackages/**/*,E:\Cocos\test2010\build\web-mobile\**\*
2019-08-14T12:52:02.170Z - normal: Start building assets
2019-08-14T12:52:02.172Z - normal: Start spawn build-worker
2019-08-14T12:52:04.065Z - normal: Finish spawn build-worker
2019-08-14T12:52:04.066Z - normal: Start init build-worker
2019-08-14T12:52:07.102Z - normal: Finish init build-worker
2019-08-14T12:52:07.102Z - normal: Start build-assets in worker
2019-08-14T12:52:07.358Z - normal: Finish build-assets in worker
2019-08-14T12:52:07.372Z - normal: Finish building assets
2019-08-14T12:52:07.380Z - normal: Start building plugin scripts
2019-08-14T12:52:07.392Z - normal: Generating main.js from E:\CocosCreator_2.0.10\resources\static\build-templates\shares\main.js
2019-08-14T12:52:07.400Z - normal: Generating html from E:\CocosCreator_2.0.10\resources\static\build-templates\web-mobile\template\index.html
2019-08-14T12:52:07.444Z - normal: Built to "E:\Cocos\test2010\build\web-mobile" successfully
2019-08-14T13:13:18.926Z - normal: Start building with options : {
  "actualPlatform": "web-mobile",
  "android-instant": {
    "REMOTE_SERVER_ROOT": "",
    "host": "",
    "pathPattern": "",
    "recordPath": "",
    "scheme": "https",
    "skipRecord": false
  },
  "apiLevel": "",
  "appABIs": [],
  "appBundle": false,
  "baidugame": {
    "REMOTE_SERVER_ROOT": "",
    "appid": "testappid",
    "orientation": "portrait",
    "subContext": ""
  },
  "buildPath": "E:\\Cocos\\test2010\\build",
  "debug": false,
  "dest": "E:\\Cocos\\test2010\\build\\web-mobile",
  "embedWebDebugger": false,
  "encryptJs": true,
  "excludeScenes": [],
  "excludedModules": [
    "LabelOutline",
    "Mask",
    "Graphics",
    "ParticleSystem",
    "TiledMap",
    "Spine Skeleton",
    "DragonBones",
    "RichText",
    "MotionStreak",
    "ProgressBar",
    "ScrollBar",
    "ScrollView",
    "Toggle",
    "PageView",
    "PageViewIndicator",
    "Slider",
    "EditBox",
    "VideoPlayer",
    "WebView",
    "Collider",
    "Physics",
    "StudioComponent",
    "Intersection",
    "Native Socket"
  ],
  "fb-instant-games": {},
  "includeSDKBox": false,
  "inlineSpriteFrames": false,
  "inlineSpriteFrames_native": true,
  "md5Cache": false,
  "mergeStartScene": false,
  "optimizeHotUpdate": false,
  "orientation": {
    "landscapeLeft": true,
    "landscapeRight": true,
    "portrait": false,
    "upsideDown": false
  },
  "packageName": "org.cocos2d.helloworld",
  "platform": "web-mobile",
  "previewHeight": "720",
  "previewWidth": "1280",
  "qqplay": {
    "REMOTE_SERVER_ROOT": "",
    "orientation": "portrait"
  },
  "scenes": [
    "2d2f792f-a40c-49bb-a189-ed176a246e49"
  ],
  "sourceMaps": false,
  "startScene": "2d2f792f-a40c-49bb-a189-ed176a246e49",
  "template": "link",
  "title": "hello_world",
  "useDebugKeystore": true,
  "vsVersion": "auto",
  "webOrientation": "auto",
  "wechatgame": {
    "REMOTE_SERVER_ROOT": "",
    "appid": "wx6ac3f5090a6b99c5",
    "isSubdomain": false,
    "orientation": "portrait",
    "subContext": ""
  },
  "xxteaKey": "fdbefc5f-86e8-44",
  "zipCompressJs": true,
  "project": "E:\\Cocos\\test2010",
  "projectName": "hello_world",
  "debugBuildWorker": false
}
2019-08-14T13:13:18.933Z - normal: Building E:\Cocos\test2010
2019-08-14T13:13:18.933Z - normal: Destination E:\Cocos\test2010\build\web-mobile
2019-08-14T13:13:18.937Z - normal: Delete E:\Cocos\test2010\build\web-mobile\subpackages/**/*,E:\Cocos\test2010\build\web-mobile\**\*
2019-08-14T13:13:21.992Z - normal: Start building assets
2019-08-14T13:13:21.992Z - normal: Start spawn build-worker
2019-08-14T13:13:23.928Z - normal: Finish spawn build-worker
2019-08-14T13:13:23.928Z - normal: Start init build-worker
2019-08-14T13:13:27.031Z - normal: Finish init build-worker
2019-08-14T13:13:27.031Z - normal: Start build-assets in worker
2019-08-14T13:13:27.293Z - normal: Finish build-assets in worker
2019-08-14T13:13:27.299Z - normal: Finish building assets
2019-08-14T13:13:27.304Z - normal: Start building plugin scripts
2019-08-14T13:13:27.312Z - normal: Generating main.js from E:\CocosCreator_2.0.10\resources\static\build-templates\shares\main.js
2019-08-14T13:13:27.323Z - normal: Generating html from E:\CocosCreator_2.0.10\resources\static\build-templates\web-mobile\template\index.html
2019-08-14T13:13:27.439Z - normal: Built to "E:\Cocos\test2010\build\web-mobile" successfully
2019-08-14T13:18:05.843Z - normal: Start building with options : {
  "actualPlatform": "web-mobile",
  "android-instant": {
    "REMOTE_SERVER_ROOT": "",
    "host": "",
    "pathPattern": "",
    "recordPath": "",
    "scheme": "https",
    "skipRecord": false
  },
  "apiLevel": "",
  "appABIs": [],
  "appBundle": false,
  "baidugame": {
    "REMOTE_SERVER_ROOT": "",
    "appid": "testappid",
    "orientation": "portrait",
    "subContext": ""
  },
  "buildPath": "E:\\Cocos\\test2010\\build",
  "debug": false,
  "dest": "E:\\Cocos\\test2010\\build\\web-mobile",
  "embedWebDebugger": false,
  "encryptJs": true,
  "excludeScenes": [],
  "excludedModules": [
    "LabelOutline",
    "Mask",
    "Graphics",
    "ParticleSystem",
    "TiledMap",
    "Spine Skeleton",
    "DragonBones",
    "RichText",
    "MotionStreak",
    "ProgressBar",
    "ScrollBar",
    "ScrollView",
    "Toggle",
    "PageView",
    "PageViewIndicator",
    "Slider",
    "EditBox",
    "VideoPlayer",
    "WebView",
    "Collider",
    "Physics",
    "StudioComponent",
    "Intersection",
    "Native Socket"
  ],
  "fb-instant-games": {},
  "includeSDKBox": false,
  "inlineSpriteFrames": false,
  "inlineSpriteFrames_native": true,
  "md5Cache": false,
  "mergeStartScene": false,
  "optimizeHotUpdate": false,
  "orientation": {
    "landscapeLeft": true,
    "landscapeRight": true,
    "portrait": false,
    "upsideDown": false
  },
  "packageName": "org.cocos2d.helloworld",
  "platform": "web-mobile",
  "previewHeight": "720",
  "previewWidth": "1280",
  "qqplay": {
    "REMOTE_SERVER_ROOT": "",
    "orientation": "portrait"
  },
  "scenes": [
    "2d2f792f-a40c-49bb-a189-ed176a246e49"
  ],
  "sourceMaps": false,
  "startScene": "2d2f792f-a40c-49bb-a189-ed176a246e49",
  "template": "link",
  "title": "hello_world",
  "useDebugKeystore": true,
  "vsVersion": "auto",
  "webOrientation": "auto",
  "wechatgame": {
    "REMOTE_SERVER_ROOT": "",
    "appid": "wx6ac3f5090a6b99c5",
    "isSubdomain": false,
    "orientation": "portrait",
    "subContext": ""
  },
  "xxteaKey": "fdbefc5f-86e8-44",
  "zipCompressJs": true,
  "project": "E:\\Cocos\\test2010",
  "projectName": "hello_world",
  "debugBuildWorker": false
}
2019-08-14T13:18:05.848Z - normal: Building E:\Cocos\test2010
2019-08-14T13:18:05.849Z - normal: Destination E:\Cocos\test2010\build\web-mobile
2019-08-14T13:18:05.850Z - normal: Delete E:\Cocos\test2010\build\web-mobile\subpackages/**/*,E:\Cocos\test2010\build\web-mobile\**\*
2019-08-14T13:18:08.741Z - normal: Start building assets
2019-08-14T13:18:08.741Z - normal: Start spawn build-worker
2019-08-14T13:18:10.626Z - normal: Finish spawn build-worker
2019-08-14T13:18:10.626Z - normal: Start init build-worker
2019-08-14T13:18:13.705Z - normal: Finish init build-worker
2019-08-14T13:18:13.705Z - normal: Start build-assets in worker
2019-08-14T13:18:13.972Z - normal: Finish build-assets in worker
2019-08-14T13:18:13.982Z - normal: Finish building assets
2019-08-14T13:18:13.986Z - normal: Start building plugin scripts
2019-08-14T13:18:13.993Z - normal: Generating main.js from E:\CocosCreator_2.0.10\resources\static\build-templates\shares\main.js
2019-08-14T13:18:13.997Z - normal: Generating html from E:\CocosCreator_2.0.10\resources\static\build-templates\web-mobile\template\index.html
2019-08-14T13:18:14.072Z - normal: Built to "E:\Cocos\test2010\build\web-mobile" successfully
2019-08-14T13:27:41.265Z - normal: Start building with options : {
  "actualPlatform": "web-mobile",
  "android-instant": {
    "REMOTE_SERVER_ROOT": "",
    "host": "",
    "pathPattern": "",
    "recordPath": "",
    "scheme": "https",
    "skipRecord": false
  },
  "apiLevel": "",
  "appABIs": [],
  "appBundle": false,
  "baidugame": {
    "REMOTE_SERVER_ROOT": "",
    "appid": "testappid",
    "orientation": "portrait",
    "subContext": ""
  },
  "buildPath": "E:\\Cocos\\test2010\\build",
  "debug": false,
  "dest": "E:\\Cocos\\test2010\\build\\web-mobile",
  "embedWebDebugger": false,
  "encryptJs": true,
  "excludeScenes": [],
  "excludedModules": [
    "LabelOutline",
    "Mask",
    "Graphics",
    "ParticleSystem",
    "TiledMap",
    "Spine Skeleton",
    "DragonBones",
    "RichText",
    "MotionStreak",
    "ProgressBar",
    "ScrollBar",
    "ScrollView",
    "Toggle",
    "PageView",
    "PageViewIndicator",
    "Slider",
    "EditBox",
    "VideoPlayer",
    "WebView",
    "Collider",
    "Physics",
    "StudioComponent",
    "Intersection",
    "Native Socket"
  ],
  "fb-instant-games": {},
  "includeSDKBox": false,
  "inlineSpriteFrames": false,
  "inlineSpriteFrames_native": true,
  "md5Cache": false,
  "mergeStartScene": false,
  "optimizeHotUpdate": false,
  "orientation": {
    "landscapeLeft": true,
    "landscapeRight": true,
    "portrait": false,
    "upsideDown": false
  },
  "packageName": "org.cocos2d.helloworld",
  "platform": "web-mobile",
  "previewHeight": "720",
  "previewWidth": "1280",
  "qqplay": {
    "REMOTE_SERVER_ROOT": "",
    "orientation": "portrait"
  },
  "scenes": [
    "2d2f792f-a40c-49bb-a189-ed176a246e49"
  ],
  "sourceMaps": false,
  "startScene": "2d2f792f-a40c-49bb-a189-ed176a246e49",
  "template": "link",
  "title": "hello_world",
  "useDebugKeystore": true,
  "vsVersion": "auto",
  "webOrientation": "auto",
  "wechatgame": {
    "REMOTE_SERVER_ROOT": "",
    "appid": "wx6ac3f5090a6b99c5",
    "isSubdomain": false,
    "orientation": "portrait",
    "subContext": ""
  },
  "xxteaKey": "fdbefc5f-86e8-44",
  "zipCompressJs": true,
  "project": "E:\\Cocos\\test2010",
  "projectName": "hello_world",
  "debugBuildWorker": false
}
2019-08-14T13:27:41.272Z - normal: Building E:\Cocos\test2010
2019-08-14T13:27:41.273Z - normal: Destination E:\Cocos\test2010\build\web-mobile
2019-08-14T13:27:41.276Z - normal: Delete E:\Cocos\test2010\build\web-mobile\subpackages/**/*,E:\Cocos\test2010\build\web-mobile\**\*
2019-08-14T13:27:44.256Z - normal: Start building assets
2019-08-14T13:27:44.256Z - normal: Start spawn build-worker
2019-08-14T13:27:46.171Z - normal: Finish spawn build-worker
2019-08-14T13:27:46.171Z - normal: Start init build-worker
2019-08-14T13:27:49.272Z - normal: Finish init build-worker
2019-08-14T13:27:49.272Z - normal: Start build-assets in worker
2019-08-14T13:27:49.543Z - normal: Finish build-assets in worker
2019-08-14T13:27:49.554Z - normal: Finish building assets
2019-08-14T13:27:49.558Z - normal: Start building plugin scripts
2019-08-14T13:27:49.566Z - normal: Generating main.js from E:\CocosCreator_2.0.10\resources\static\build-templates\shares\main.js
2019-08-14T13:27:49.570Z - normal: Generating html from E:\CocosCreator_2.0.10\resources\static\build-templates\web-mobile\template\index.html
2019-08-14T13:27:49.658Z - normal: Built to "E:\Cocos\test2010\build\web-mobile" successfully
2019-08-14T13:34:18.473Z - normal: Start building with options : {
  "actualPlatform": "web-mobile",
  "android-instant": {
    "REMOTE_SERVER_ROOT": "",
    "host": "",
    "pathPattern": "",
    "recordPath": "",
    "scheme": "https",
    "skipRecord": false
  },
  "apiLevel": "",
  "appABIs": [],
  "appBundle": false,
  "baidugame": {
    "REMOTE_SERVER_ROOT": "",
    "appid": "testappid",
    "orientation": "portrait",
    "subContext": ""
  },
  "buildPath": "E:\\Cocos\\test2010\\build",
  "debug": false,
  "dest": "E:\\Cocos\\test2010\\build\\web-mobile",
  "embedWebDebugger": false,
  "encryptJs": true,
  "excludeScenes": [],
  "excludedModules": [
    "LabelOutline",
    "Mask",
    "Graphics",
    "ParticleSystem",
    "TiledMap",
    "Spine Skeleton",
    "DragonBones",
    "RichText",
    "MotionStreak",
    "ProgressBar",
    "ScrollBar",
    "ScrollView",
    "Toggle",
    "PageView",
    "PageViewIndicator",
    "Slider",
    "EditBox",
    "VideoPlayer",
    "WebView",
    "Collider",
    "Physics",
    "StudioComponent",
    "Intersection",
    "Native Socket"
  ],
  "fb-instant-games": {},
  "includeSDKBox": false,
  "inlineSpriteFrames": false,
  "inlineSpriteFrames_native": true,
  "md5Cache": false,
  "mergeStartScene": false,
  "optimizeHotUpdate": false,
  "orientation": {
    "landscapeLeft": true,
    "landscapeRight": true,
    "portrait": false,
    "upsideDown": false
  },
  "packageName": "org.cocos2d.helloworld",
  "platform": "web-mobile",
  "previewHeight": "720",
  "previewWidth": "1280",
  "qqplay": {
    "REMOTE_SERVER_ROOT": "",
    "orientation": "portrait"
  },
  "scenes": [
    "2d2f792f-a40c-49bb-a189-ed176a246e49"
  ],
  "sourceMaps": false,
  "startScene": "2d2f792f-a40c-49bb-a189-ed176a246e49",
  "template": "link",
  "title": "hello_world",
  "useDebugKeystore": true,
  "vsVersion": "auto",
  "webOrientation": "auto",
  "wechatgame": {
    "REMOTE_SERVER_ROOT": "",
    "appid": "wx6ac3f5090a6b99c5",
    "isSubdomain": false,
    "orientation": "portrait",
    "subContext": ""
  },
  "xxteaKey": "fdbefc5f-86e8-44",
  "zipCompressJs": true,
  "project": "E:\\Cocos\\test2010",
  "projectName": "hello_world",
  "debugBuildWorker": false
}
2019-08-14T13:34:18.479Z - normal: Building E:\Cocos\test2010
2019-08-14T13:34:18.479Z - normal: Destination E:\Cocos\test2010\build\web-mobile
2019-08-14T13:34:18.481Z - normal: Delete E:\Cocos\test2010\build\web-mobile\subpackages/**/*,E:\Cocos\test2010\build\web-mobile\**\*
2019-08-14T13:34:21.676Z - normal: Start building assets
2019-08-14T13:34:21.677Z - normal: Start spawn build-worker
2019-08-14T13:34:23.650Z - normal: Finish spawn build-worker
2019-08-14T13:34:23.650Z - normal: Start init build-worker
2019-08-14T13:34:26.756Z - normal: Finish init build-worker
2019-08-14T13:34:26.756Z - normal: Start build-assets in worker
2019-08-14T13:34:27.037Z - normal: Finish build-assets in worker
2019-08-14T13:34:27.047Z - normal: Finish building assets
2019-08-14T13:34:27.051Z - normal: Start building plugin scripts
2019-08-14T13:34:27.066Z - normal: Generating main.js from E:\CocosCreator_2.0.10\resources\static\build-templates\shares\main.js
2019-08-14T13:34:27.075Z - normal: Generating html from E:\CocosCreator_2.0.10\resources\static\build-templates\web-mobile\template\index.html
2019-08-14T13:34:27.159Z - normal: Built to "E:\Cocos\test2010\build\web-mobile" successfully
